  Test1.cpp
c:\users\teayeon\desktop\codeanalyzerex1\testfiles\test1.h(24): error C2653: “Test3”: 不是类或命名空间名称
c:\users\teayeon\desktop\codeanalyzerex1\testfiles\test1.h(24): error C4430: 缺少类型说明符 - 假定为 int。注意: C++ 不支持默认 int
c:\users\teayeon\desktop\codeanalyzerex1\testfiles\test1.h(24): error C2146: 语法错误: 缺少“;”(在标识符“Hello”的前面)
c:\users\teayeon\desktop\codeanalyzerex1\testfiles\test1.h(24): error C2825: 'A::Test3': 当后面跟“::”时必须为类或命名空间
c:\users\teayeon\desktop\codeanalyzerex1\testfiles\test1.h(24): error C2510: “Test3”:“::”的左边必须是类/结构/联合
c:\users\teayeon\desktop\codeanalyzerex1\testfiles\test1.h(24): error C4430: 缺少类型说明符 - 假定为 int。注意: C++ 不支持默认 int
c:\users\teayeon\desktop\codeanalyzerex1\testfiles\test1.h(24): error C2086: “int A::Test3”: 重定义
  c:\users\teayeon\desktop\codeanalyzerex1\testfiles\test1.h(24): note: 参见“A::Test3”的声明
c:\users\teayeon\desktop\codeanalyzerex1\testfiles\test1.h(24): error C2146: 语法错误: 缺少“;”(在标识符“Hello”的前面)
c:\users\teayeon\desktop\codeanalyzerex1\testfiles\test1.h(28): error C2086: “int B::c”: 重定义
  c:\users\teayeon\desktop\codeanalyzerex1\testfiles\test1.h(28): note: 参见“B::c”的声明
c:\users\teayeon\desktop\codeanalyzerex1\testfiles\test1.h(29): error C2084: 函数“void B::func(void)”已有主体
  c:\users\teayeon\desktop\codeanalyzerex1\testfiles\test1.h(29): note: 参见“func”的前一个定义
c:\users\teayeon\desktop\codeanalyzerex1\testfiles\test1.h(30): error C2011: “B::MyEnum”:“enum”类型重定义
  c:\users\teayeon\desktop\codeanalyzerex1\testfiles\test1.h(30): note: 参见“B::MyEnum”的声明
c:\users\teayeon\desktop\codeanalyzerex1\testfiles\test1.h(35): error C2086: “int kk”: 重定义
  c:\users\teayeon\desktop\codeanalyzerex1\testfiles\test1.h(35): note: 参见“kk”的声明
c:\users\teayeon\desktop\codeanalyzerex1\testfiles\test1.h(36): error C2084: 函数“void GlobalFunction(void)”已有主体
  c:\users\teayeon\desktop\codeanalyzerex1\testfiles\test1.h(36): note: 参见“GlobalFunction”的前一个定义
c:\users\teayeon\desktop\codeanalyzerex1\testfiles\test1.h(43): error C2011: “TestHH::Test1”:“class”类型重定义
  c:\users\teayeon\desktop\codeanalyzerex1\testfiles\test1.h(43): note: 参见“TestHH::Test1”的声明
c:\users\teayeon\desktop\codeanalyzerex1\testfiles\test1.h(56): error C2011: “TestHH::B”:“class”类型重定义
  c:\users\teayeon\desktop\codeanalyzerex1\testfiles\test1.h(56): note: 参见“TestHH::B”的声明
c:\users\teayeon\desktop\codeanalyzerex1\testfiles\test1.h(65): error C2011: “TestHH::MyStruct”:“struct”类型重定义
  c:\users\teayeon\desktop\codeanalyzerex1\testfiles\test1.h(65): note: 参见“TestHH::MyStruct”的声明
c:\users\teayeon\desktop\codeanalyzerex1\testfiles\test5.h(33): error C2653: “Test3”: 不是类或命名空间名称
c:\users\teayeon\desktop\codeanalyzerex1\testfiles\test5.h(33): error C3646: “t3”: 未知重写说明符
c:\users\teayeon\desktop\codeanalyzerex1\testfiles\test5.h(33): error C4430: 缺少类型说明符 - 假定为 int。注意: C++ 不支持默认 int
c:\users\teayeon\desktop\codeanalyzerex1\testfiles\test1.h(28): error C2086: “int B::c”: 重定义
  c:\users\teayeon\desktop\codeanalyzerex1\testfiles\test1.h(28): note: 参见“B::c”的声明
c:\users\teayeon\desktop\codeanalyzerex1\testfiles\test1.h(35): error C2086: “int kk”: 重定义
  c:\users\teayeon\desktop\codeanalyzerex1\testfiles\test1.h(35): note: 参见“kk”的声明
c:\users\teayeon\desktop\codeanalyzerex1\testfiles\test1.cpp(7): error C2027: 使用了未定义类型“TestHH::Test1”
  c:\users\teayeon\desktop\codeanalyzerex1\testfiles\test1.h(42): note: 参见“TestHH::Test1”的声明
c:\users\teayeon\desktop\codeanalyzerex1\testfiles\test1.cpp(7): error C4430: 缺少类型说明符 - 假定为 int。注意: C++ 不支持默认 int
c:\users\teayeon\desktop\codeanalyzerex1\testfiles\test1.cpp(7): warning C4508: “Test1”: 函数应返回一个值；假定“void”返回类型
c:\users\teayeon\desktop\codeanalyzerex1\testfiles\test1.cpp(9): error C2027: 使用了未定义类型“TestHH::Test1”
  c:\users\teayeon\desktop\codeanalyzerex1\testfiles\test1.h(42): note: 参见“TestHH::Test1”的声明
c:\users\teayeon\desktop\codeanalyzerex1\testfiles\test1.cpp(9): error C4430: 缺少类型说明符 - 假定为 int。注意: C++ 不支持默认 int
c:\users\teayeon\desktop\codeanalyzerex1\testfiles\test1.cpp(9): error C2084: 函数“int Test1(void)”已有主体
  c:\users\teayeon\desktop\codeanalyzerex1\testfiles\test1.cpp(7): note: 参见“Test1”的前一个定义
  正在生成代码...
  正在编译...
  Test2.cpp
c:\users\teayeon\desktop\codeanalyzerex1\testfiles\test1.h(24): error C2653: “Test3”: 不是类或命名空间名称
c:\users\teayeon\desktop\codeanalyzerex1\testfiles\test1.h(24): error C4430: 缺少类型说明符 - 假定为 int。注意: C++ 不支持默认 int
c:\users\teayeon\desktop\codeanalyzerex1\testfiles\test1.h(24): error C2146: 语法错误: 缺少“;”(在标识符“Hello”的前面)
c:\users\teayeon\desktop\codeanalyzerex1\testfiles\test1.h(24): error C2825: 'A::Test3': 当后面跟“::”时必须为类或命名空间
c:\users\teayeon\desktop\codeanalyzerex1\testfiles\test1.h(24): error C2510: “Test3”:“::”的左边必须是类/结构/联合
c:\users\teayeon\desktop\codeanalyzerex1\testfiles\test1.h(24): error C4430: 缺少类型说明符 - 假定为 int。注意: C++ 不支持默认 int
c:\users\teayeon\desktop\codeanalyzerex1\testfiles\test1.h(24): error C2086: “int A::Test3”: 重定义
  c:\users\teayeon\desktop\codeanalyzerex1\testfiles\test1.h(24): note: 参见“A::Test3”的声明
c:\users\teayeon\desktop\codeanalyzerex1\testfiles\test1.h(24): error C2146: 语法错误: 缺少“;”(在标识符“Hello”的前面)
c:\users\teayeon\desktop\codeanalyzerex1\testfiles\test1.h(28): error C2086: “int B::c”: 重定义
  c:\users\teayeon\desktop\codeanalyzerex1\testfiles\test1.h(28): note: 参见“B::c”的声明
c:\users\teayeon\desktop\codeanalyzerex1\testfiles\test1.h(29): error C2084: 函数“void B::func(void)”已有主体
  c:\users\teayeon\desktop\codeanalyzerex1\testfiles\test1.h(29): note: 参见“func”的前一个定义
c:\users\teayeon\desktop\codeanalyzerex1\testfiles\test1.h(30): error C2011: “B::MyEnum”:“enum”类型重定义
  c:\users\teayeon\desktop\codeanalyzerex1\testfiles\test1.h(30): note: 参见“B::MyEnum”的声明
c:\users\teayeon\desktop\codeanalyzerex1\testfiles\test1.h(35): error C2086: “int kk”: 重定义
  c:\users\teayeon\desktop\codeanalyzerex1\testfiles\test1.h(35): note: 参见“kk”的声明
c:\users\teayeon\desktop\codeanalyzerex1\testfiles\test1.h(36): error C2084: 函数“void GlobalFunction(void)”已有主体
  c:\users\teayeon\desktop\codeanalyzerex1\testfiles\test1.h(36): note: 参见“GlobalFunction”的前一个定义
c:\users\teayeon\desktop\codeanalyzerex1\testfiles\test1.h(43): error C2011: “TestHH::Test1”:“class”类型重定义
  c:\users\teayeon\desktop\codeanalyzerex1\testfiles\test1.h(43): note: 参见“TestHH::Test1”的声明
c:\users\teayeon\desktop\codeanalyzerex1\testfiles\test1.h(56): error C2011: “TestHH::B”:“class”类型重定义
  c:\users\teayeon\desktop\codeanalyzerex1\testfiles\test1.h(56): note: 参见“TestHH::B”的声明
c:\users\teayeon\desktop\codeanalyzerex1\testfiles\test1.h(65): error C2011: “TestHH::MyStruct”:“struct”类型重定义
  c:\users\teayeon\desktop\codeanalyzerex1\testfiles\test1.h(65): note: 参见“TestHH::MyStruct”的声明
c:\users\teayeon\desktop\codeanalyzerex1\testfiles\test5.h(33): error C2653: “Test3”: 不是类或命名空间名称
c:\users\teayeon\desktop\codeanalyzerex1\testfiles\test5.h(33): error C3646: “t3”: 未知重写说明符
c:\users\teayeon\desktop\codeanalyzerex1\testfiles\test5.h(33): error C4430: 缺少类型说明符 - 假定为 int。注意: C++ 不支持默认 int
c:\users\teayeon\desktop\codeanalyzerex1\testfiles\test1.h(28): error C2086: “int B::c”: 重定义
  c:\users\teayeon\desktop\codeanalyzerex1\testfiles\test1.h(28): note: 参见“B::c”的声明
c:\users\teayeon\desktop\codeanalyzerex1\testfiles\test1.h(35): error C2086: “int kk”: 重定义
  c:\users\teayeon\desktop\codeanalyzerex1\testfiles\test1.h(35): note: 参见“kk”的声明
  正在生成代码...
